[00:22:41] [main/INFO]: Setting user: Player531
[00:22:42] [Client thread/INFO]: LWJGL Version: 2.9.1
[00:22:45] [Client thread/INFO]: Reloading ResourceManager: Default, FMLFileResourcePack:Forge Mod Loader, FMLFileResourcePack:Minecraft Forge, FMLFileResourcePack:1.8 Blocks And Items, FMLFileResourcePack:Example Mod
[00:22:46] [Sound Library Loader/INFO]: Sound engine started
[00:22:46] [Client thread/INFO]: Created: 512x256 textures/blocks-atlas
[00:22:46] [Client thread/INFO]: Created: 256x256 textures/items-atlas
[00:22:46] [Client thread/INFO]: Reloading ResourceManager: Default, FMLFileResourcePack:Forge Mod Loader, FMLFileResourcePack:Minecraft Forge, FMLFileResourcePack:1.8 Blocks And Items, FMLFileResourcePack:Example Mod
[00:22:46] [Client thread/INFO]: Created: 256x256 textures/items-atlas
[00:22:46] [Client thread/INFO]: Created: 512x256 textures/blocks-atlas
[00:22:47] [Sound Library Loader/INFO]: Sound engine started
[00:22:49] [Server thread/INFO]: Starting integrated minecraft server version 1.7.10
[00:22:49] [Server thread/INFO]: Generating keypair
[00:22:52] [Server thread/INFO]: Preparing start region for level 0
[00:22:52] [Server thread/INFO]: Changing view distance to 12, from 10
[00:22:53] [Server thread/INFO]: Player531[local:E:f8e1dd23] logged in with entity id 317 at (90.44429758132284, 64.0, 247.05929337766545)
[00:22:53] [Server thread/INFO]: Player531 joined the game
[00:22:55] [Server thread/INFO]: Player531 has just earned the achievement [Taking Inventory]
[00:22:55] [Client thread/INFO]: [CHAT] Player531 has just earned the achievement [Taking Inventory]
[00:23:10] [Server thread/INFO]: Saving and pausing game...
[00:23:10] [Server thread/INFO]: Saving chunks for level 'New World'/Overworld
[00:23:10] [Server thread/INFO]: Saving chunks for level 'New World'/Nether
[00:23:10] [Server thread/INFO]: Saving chunks for level 'New World'/The End
[00:23:11] [Server thread/INFO]: Stopping server
[00:23:11] [Server thread/INFO]: Saving players
[00:23:11] [Server thread/INFO]: Saving worlds
[00:23:11] [Server thread/INFO]: Saving chunks for level 'New World'/Overworld
[00:23:11] [Server thread/INFO]: Saving chunks for level 'New World'/Nether
[00:23:11] [Server thread/INFO]: Saving chunks for level 'New World'/The End
[00:23:13] [Client thread/INFO]: Stopping!
